<!DOCTYPE HTML PUBLIC "-//W3C//DTD HTML 4.01 Transitional//EN" "http://www.w3.org/TR/html4/loose.dtd">
<html>
<head>
<title>Application log</title>
<style type="text/css">
<!--
body, table {font-family: arial,sans-serif; font-size: x-small;}
th {background: #336699; color: #FFFFFF; text-align: left;}
-->
</style>
</head>
<body bgcolor="#FFFFFF" topmargin="6" leftmargin="6">
<hr size="1" noshade>
Log session start time Fri May 28 14:02:50 IST 2021<br>
<br>
<table cellspacing="0" cellpadding="4" border="1" bordercolor="#224466" width="100%">
<tr>
<th>Time</th>
<th>Thread</th>
<th>Level</th>
<th>Category</th>
<th>File:Line</th>
<th>Message</th>
</tr>

<tr>
<td>0</td>
<td title="main thread">main</td>
<td title="Level">INFO</td>
<td title="*********Cucumber Project********* category">*********Cucumber Project*********</td>
<td>StepDefinition.java:36</td>
<td title="Message">Launching Browser is : chrome</td>
</tr>

<tr>
<td>3573</td>
<td title="main thread">main</td>
<td title="Level">INFO</td>
<td title="*********Cucumber Project********* category">*********Cucumber Project*********</td>
<td>StepDefinition.java:42</td>
<td title="Message">Launching URL is : https://www.amazon.in/</td>
</tr>

<tr>
<td>7048</td>
<td title="main thread">main</td>
<td title="Level">INFO</td>
<td title="*********Cucumber Project********* category">*********Cucumber Project*********</td>
<td>StepDefinition.java:54</td>
<td title="Message">Closing Browser</td>
</tr>
</table>
<br>
</body></html><!DOCTYPE HTML PUBLIC "-//W3C//DTD HTML 4.01 Transitional//EN" "http://www.w3.org/TR/html4/loose.dtd">
<html>
<head>
<title>Application log</title>
<style type="text/css">
<!--
body, table {font-family: arial,sans-serif; font-size: x-small;}
th {background: #336699; color: #FFFFFF; text-align: left;}
-->
</style>
</head>
<body bgcolor="#FFFFFF" topmargin="6" leftmargin="6">
<hr size="1" noshade>
Log session start time Fri May 28 14:02:58 IST 2021<br>
<br>
<table cellspacing="0" cellpadding="4" border="1" bordercolor="#224466" width="100%">
<tr>
<th>Time</th>
<th>Thread</th>
<th>Level</th>
<th>Category</th>
<th>File:Line</th>
<th>Message</th>
</tr>

<tr>
<td>8134</td>
<td title="main thread">main</td>
<td title="Level">INFO</td>
<td title="*********Cucumber Project********* category">*********Cucumber Project*********</td>
<td>StepDefinition.java:36</td>
<td title="Message">Launching Browser is : ie</td>
</tr>

<tr>
<td>12049</td>
<td title="main thread">main</td>
<td title="Level">INFO</td>
<td title="*********Cucumber Project********* category">*********Cucumber Project*********</td>
<td>StepDefinition.java:42</td>
<td title="Message">Launching URL is : http://automationpractice.com/index.php</td>
</tr>

<tr>
<td>28740</td>
<td title="main thread">main</td>
<td title="Level">INFO</td>
<td title="*********Cucumber Project********* category">*********Cucumber Project*********</td>
<td>StepDefinition.java:54</td>
<td title="Message">Closing Browser</td>
</tr>
<!DOCTYPE HTML PUBLIC "-//W3C//DTD HTML 4.01 Transitional//EN" "http://www.w3.org/TR/html4/loose.dtd">
<html>
<head>
<title>Application log</title>
<style type="text/css">
<!--
body, table {font-family: arial,sans-serif; font-size: x-small;}
th {background: #336699; color: #FFFFFF; text-align: left;}
-->
</style>
</head>
<body bgcolor="#FFFFFF" topmargin="6" leftmargin="6">
<hr size="1" noshade>
Log session start time Fri May 28 14:21:52 IST 2021<br>
<br>
<table cellspacing="0" cellpadding="4" border="1" bordercolor="#224466" width="100%">
<tr>
<th>Time</th>
<th>Thread</th>
<th>Level</th>
<th>Category</th>
<th>File:Line</th>
<th>Message</th>
</tr>

<tr>
<td>0</td>
<td title="main thread">main</td>
<td title="Level">INFO</td>
<td title="*********Cucumber Project********* category">*********Cucumber Project*********</td>
<td>StepDefinition.java:36</td>
<td title="Message">Launching Browser is : chrome</td>
</tr>

<tr>
<td>3869</td>
<td title="main thread">main</td>
<td title="Level">INFO</td>
<td title="*********Cucumber Project********* category">*********Cucumber Project*********</td>
<td>StepDefinition.java:42</td>
<td title="Message">Launching URL is : https://www.amazon.in/</td>
</tr>

<tr>
<td>9971</td>
<td title="main thread">main</td>
<td title="Level">INFO</td>
<td title="*********Cucumber Project********* category">*********Cucumber Project*********</td>
<td>StepDefinition.java:54</td>
<td title="Message">Closing Browser</td>
</tr>
</table>
<br>
</body></html><!DOCTYPE HTML PUBLIC "-//W3C//DTD HTML 4.01 Transitional//EN" "http://www.w3.org/TR/html4/loose.dtd">
<html>
<head>
<title>Application log</title>
<style type="text/css">
<!--
body, table {font-family: arial,sans-serif; font-size: x-small;}
th {background: #336699; color: #FFFFFF; text-align: left;}
-->
</style>
</head>
<body bgcolor="#FFFFFF" topmargin="6" leftmargin="6">
<hr size="1" noshade>
Log session start time Fri May 28 14:22:03 IST 2021<br>
<br>
<table cellspacing="0" cellpadding="4" border="1" bordercolor="#224466" width="100%">
<tr>
<th>Time</th>
<th>Thread</th>
<th>Level</th>
<th>Category</th>
<th>File:Line</th>
<th>Message</th>
</tr>

<tr>
<td>11393</td>
<td title="main thread">main</td>
<td title="Level">INFO</td>
<td title="*********Cucumber Project********* category">*********Cucumber Project*********</td>
<td>StepDefinition.java:36</td>
<td title="Message">Launching Browser is : firefox</td>
</tr>

<tr>
<td>45612</td>
<td title="main thread">main</td>
<td title="Level">INFO</td>
<td title="*********Cucumber Project********* category">*********Cucumber Project*********</td>
<td>StepDefinition.java:42</td>
<td title="Message">Launching URL is : http://automationpractice.com/index.php</td>
</tr>

<tr>
<td>57440</td>
<td title="main thread">main</td>
<td title="Level">INFO</td>
<td title="*********Cucumber Project********* category">*********Cucumber Project*********</td>
<td>StepDefinition.java:54</td>
<td title="Message">Closing Browser</td>
</tr>
</table>
<br>
</body></html><!DOCTYPE HTML PUBLIC "-//W3C//DTD HTML 4.01 Transitional//EN" "http://www.w3.org/TR/html4/loose.dtd">
<html>
<head>
<title>Application log</title>
<style type="text/css">
<!--
body, table {font-family: arial,sans-serif; font-size: x-small;}
th {background: #336699; color: #FFFFFF; text-align: left;}
-->
</style>
</head>
<body bgcolor="#FFFFFF" topmargin="6" leftmargin="6">
<hr size="1" noshade>
Log session start time Fri May 28 14:22:51 IST 2021<br>
<br>
<table cellspacing="0" cellpadding="4" border="1" bordercolor="#224466" width="100%">
<tr>
<th>Time</th>
<th>Thread</th>
<th>Level</th>
<th>Category</th>
<th>File:Line</th>
<th>Message</th>
</tr>

<tr>
<td>59718</td>
<td title="main thread">main</td>
<td title="Level">INFO</td>
<td title="*********Cucumber Project********* category">*********Cucumber Project*********</td>
<td>StepDefinition.java:36</td>
<td title="Message">Launching Browser is : ie</td>
</tr>

<tr>
<td>65439</td>
<td title="main thread">main</td>
<td title="Level">INFO</td>
<td title="*********Cucumber Project********* category">*********Cucumber Project*********</td>
<td>StepDefinition.java:42</td>
<td title="Message">Launching URL is : http://automationpractice.com/index.php</td>
</tr>

<tr>
<td>79849</td>
<td title="main thread">main</td>
<td title="Level">INFO</td>
<td title="*********Cucumber Project********* category">*********Cucumber Project*********</td>
<td>StepDefinition.java:54</td>
<td title="Message">Closing Browser</td>
</tr>
<!DOCTYPE HTML PUBLIC "-//W3C//DTD HTML 4.01 Transitional//EN" "http://www.w3.org/TR/html4/loose.dtd">
<html>
<head>
<title>Application log</title>
<style type="text/css">
<!--
body, table {font-family: arial,sans-serif; font-size: x-small;}
th {background: #336699; color: #FFFFFF; text-align: left;}
-->
</style>
</head>
<body bgcolor="#FFFFFF" topmargin="6" leftmargin="6">
<hr size="1" noshade>
Log session start time Fri May 28 14:30:32 IST 2021<br>
<br>
<table cellspacing="0" cellpadding="4" border="1" bordercolor="#224466" width="100%">
<tr>
<th>Time</th>
<th>Thread</th>
<th>Level</th>
<th>Category</th>
<th>File:Line</th>
<th>Message</th>
</tr>

<tr>
<td>0</td>
<td title="main thread">main</td>
<td title="Level">INFO</td>
<td title="*********Cucumber Project********* category">*********Cucumber Project*********</td>
<td>StepDefinition.java:33</td>
<td title="Message">Launching Browser is : chrome</td>
</tr>

<tr>
<td>4886</td>
<td title="main thread">main</td>
<td title="Level">INFO</td>
<td title="*********Cucumber Project********* category">*********Cucumber Project*********</td>
<td>StepDefinition.java:39</td>
<td title="Message">Launching URL is : https://www.amazon.in/</td>
</tr>

<tr>
<td>9074</td>
<td title="main thread">main</td>
<td title="Level">INFO</td>
<td title="*********Cucumber Project********* category">*********Cucumber Project*********</td>
<td>StepDefinition.java:50</td>
<td title="Message">Closing Browser</td>
</tr>
<!DOCTYPE HTML PUBLIC "-//W3C//DTD HTML 4.01 Transitional//EN" "http://www.w3.org/TR/html4/loose.dtd">
<html>
<head>
<title>Application log</title>
<style type="text/css">
<!--
body, table {font-family: arial,sans-serif; font-size: x-small;}
th {background: #336699; color: #FFFFFF; text-align: left;}
-->
</style>
</head>
<body bgcolor="#FFFFFF" topmargin="6" leftmargin="6">
<hr size="1" noshade>
Log session start time Fri May 28 15:46:38 IST 2021<br>
<br>
<table cellspacing="0" cellpadding="4" border="1" bordercolor="#224466" width="100%">
<tr>
<th>Time</th>
<th>Thread</th>
<th>Level</th>
<th>Category</th>
<th>File:Line</th>
<th>Message</th>
</tr>

<tr>
<td>0</td>
<td title="main thread">main</td>
<td title="Level">INFO</td>
<td title="*********Cucumber Project********* category">*********Cucumber Project*********</td>
<td>StepDefinition.java:33</td>
<td title="Message">Launching Browser is : chrome</td>
</tr>

<tr>
<td>5451</td>
<td title="main thread">main</td>
<td title="Level">INFO</td>
<td title="*********Cucumber Project********* category">*********Cucumber Project*********</td>
<td>StepDefinition.java:39</td>
<td title="Message">Launching URL is : https://www.amazon.in/</td>
</tr>

<tr>
<td>20216</td>
<td title="main thread">main</td>
<td title="Level">INFO</td>
<td title="*********Cucumber Project********* category">*********Cucumber Project*********</td>
<td>StepDefinition.java:50</td>
<td title="Message">Closing Browser</td>
</tr>
<!DOCTYPE HTML PUBLIC "-//W3C//DTD HTML 4.01 Transitional//EN" "http://www.w3.org/TR/html4/loose.dtd">
<html>
<head>
<title>Application log</title>
<style type="text/css">
<!--
body, table {font-family: arial,sans-serif; font-size: x-small;}
th {background: #336699; color: #FFFFFF; text-align: left;}
-->
</style>
</head>
<body bgcolor="#FFFFFF" topmargin="6" leftmargin="6">
<hr size="1" noshade>
Log session start time Fri May 28 16:09:56 IST 2021<br>
<br>
<table cellspacing="0" cellpadding="4" border="1" bordercolor="#224466" width="100%">
<tr>
<th>Time</th>
<th>Thread</th>
<th>Level</th>
<th>Category</th>
<th>File:Line</th>
<th>Message</th>
</tr>

<tr>
<td>0</td>
<td title="main thread">main</td>
<td title="Level">INFO</td>
<td title="*********Cucumber Project********* category">*********Cucumber Project*********</td>
<td>StepDefinition.java:33</td>
<td title="Message">Launching Browser is : &lt;browserName&gt;</td>
</tr>

<tr>
<td>5517</td>
<td title="main thread">main</td>
<td title="Level">INFO</td>
<td title="*********Cucumber Project********* category">*********Cucumber Project*********</td>
<td>StepDefinition.java:39</td>
<td title="Message">Launching URL is : https://www.amazon.in/</td>
</tr>

<tr>
<td>9591</td>
<td title="main thread">main</td>
<td title="Level">INFO</td>
<td title="*********Cucumber Project********* category">*********Cucumber Project*********</td>
<td>StepDefinition.java:50</td>
<td title="Message">Closing Browser</td>
</tr>
</table>
<br>
</body></html><!DOCTYPE HTML PUBLIC "-//W3C//DTD HTML 4.01 Transitional//EN" "http://www.w3.org/TR/html4/loose.dtd">
<html>
<head>
<title>Application log</title>
<style type="text/css">
<!--
body, table {font-family: arial,sans-serif; font-size: x-small;}
th {background: #336699; color: #FFFFFF; text-align: left;}
-->
</style>
</head>
<body bgcolor="#FFFFFF" topmargin="6" leftmargin="6">
<hr size="1" noshade>
Log session start time Fri May 28 16:10:07 IST 2021<br>
<br>
<table cellspacing="0" cellpadding="4" border="1" bordercolor="#224466" width="100%">
<tr>
<th>Time</th>
<th>Thread</th>
<th>Level</th>
<th>Category</th>
<th>File:Line</th>
<th>Message</th>
</tr>

<tr>
<td>10945</td>
<td title="main thread">main</td>
<td title="Level">INFO</td>
<td title="*********Cucumber Project********* category">*********Cucumber Project*********</td>
<td>StepDefinition.java:33</td>
<td title="Message">Launching Browser is : &lt;browserName&gt;</td>
</tr>

<tr>
<td>15791</td>
<td title="main thread">main</td>
<td title="Level">INFO</td>
<td title="*********Cucumber Project********* category">*********Cucumber Project*********</td>
<td>StepDefinition.java:39</td>
<td title="Message">Launching URL is : http://automationpractice.com/index.php</td>
</tr>

<tr>
<td>33420</td>
<td title="main thread">main</td>
<td title="Level">INFO</td>
<td title="*********Cucumber Project********* category">*********Cucumber Project*********</td>
<td>StepDefinition.java:50</td>
<td title="Message">Closing Browser</td>
</tr>
</table>
<br>
</body></html><!DOCTYPE HTML PUBLIC "-//W3C//DTD HTML 4.01 Transitional//EN" "http://www.w3.org/TR/html4/loose.dtd">
<html>
<head>
<title>Application log</title>
<style type="text/css">
<!--
body, table {font-family: arial,sans-serif; font-size: x-small;}
th {background: #336699; color: #FFFFFF; text-align: left;}
-->
</style>
</head>
<body bgcolor="#FFFFFF" topmargin="6" leftmargin="6">
<hr size="1" noshade>
Log session start time Fri May 28 16:10:31 IST 2021<br>
<br>
<table cellspacing="0" cellpadding="4" border="1" bordercolor="#224466" width="100%">
<tr>
<th>Time</th>
<th>Thread</th>
<th>Level</th>
<th>Category</th>
<th>File:Line</th>
<th>Message</th>
</tr>

<tr>
<td>35049</td>
<td title="main thread">main</td>
<td title="Level">INFO</td>
<td title="*********Cucumber Project********* category">*********Cucumber Project*********</td>
<td>StepDefinition.java:33</td>
<td title="Message">Launching Browser is : &lt;browserName&gt;</td>
</tr>

<tr>
<td>39210</td>
<td title="main thread">main</td>
<td title="Level">INFO</td>
<td title="*********Cucumber Project********* category">*********Cucumber Project*********</td>
<td>StepDefinition.java:39</td>
<td title="Message">Launching URL is : https://www.amazon.in/</td>
</tr>

<tr>
<td>43379</td>
<td title="main thread">main</td>
<td title="Level">INFO</td>
<td title="*********Cucumber Project********* category">*********Cucumber Project*********</td>
<td>StepDefinition.java:50</td>
<td title="Message">Closing Browser</td>
</tr>
<!DOCTYPE HTML PUBLIC "-//W3C//DTD HTML 4.01 Transitional//EN" "http://www.w3.org/TR/html4/loose.dtd">
<html>
<head>
<title>Application log</title>
<style type="text/css">
<!--
body, table {font-family: arial,sans-serif; font-size: x-small;}
th {background: #336699; color: #FFFFFF; text-align: left;}
-->
</style>
</head>
<body bgcolor="#FFFFFF" topmargin="6" leftmargin="6">
<hr size="1" noshade>
Log session start time Fri May 28 22:32:41 IST 2021<br>
<br>
<table cellspacing="0" cellpadding="4" border="1" bordercolor="#224466" width="100%">
<tr>
<th>Time</th>
<th>Thread</th>
<th>Level</th>
<th>Category</th>
<th>File:Line</th>
<th>Message</th>
</tr>

<tr>
<td>0</td>
<td title="main thread">main</td>
<td title="Level">INFO</td>
<td title="*********Cucumber Project********* category">*********Cucumber Project*********</td>
<td>StepDefinition.java:33</td>
<td title="Message">Launching Browser is : &lt;browserName&gt;</td>
</tr>

<tr>
<td>9047</td>
<td title="main thread">main</td>
<td title="Level">INFO</td>
<td title="*********Cucumber Project********* category">*********Cucumber Project*********</td>
<td>StepDefinition.java:39</td>
<td title="Message">Launching URL is : https://www.amazon.in/</td>
</tr>

<tr>
<td>13330</td>
<td title="main thread">main</td>
<td title="Level">INFO</td>
<td title="*********Cucumber Project********* category">*********Cucumber Project*********</td>
<td>StepDefinition.java:50</td>
<td title="Message">Closing Browser</td>
</tr>
<!DOCTYPE HTML PUBLIC "-//W3C//DTD HTML 4.01 Transitional//EN" "http://www.w3.org/TR/html4/loose.dtd">
<html>
<head>
<title>Application log</title>
<style type="text/css">
<!--
body, table {font-family: arial,sans-serif; font-size: x-small;}
th {background: #336699; color: #FFFFFF; text-align: left;}
-->
</style>
</head>
<body bgcolor="#FFFFFF" topmargin="6" leftmargin="6">
<hr size="1" noshade>
Log session start time Fri May 28 22:34:58 IST 2021<br>
<br>
<table cellspacing="0" cellpadding="4" border="1" bordercolor="#224466" width="100%">
<tr>
<th>Time</th>
<th>Thread</th>
<th>Level</th>
<th>Category</th>
<th>File:Line</th>
<th>Message</th>
</tr>

<tr>
<td>0</td>
<td title="main thread">main</td>
<td title="Level">INFO</td>
<td title="*********Cucumber Project********* category">*********Cucumber Project*********</td>
<td>StepDefinition.java:33</td>
<td title="Message">Launching Browser is : &lt;browserName&gt;</td>
</tr>

<tr>
<td>4998</td>
<td title="main thread">main</td>
<td title="Level">INFO</td>
<td title="*********Cucumber Project********* category">*********Cucumber Project*********</td>
<td>StepDefinition.java:39</td>
<td title="Message">Launching URL is : https://www.amazon.in/</td>
</tr>

<tr>
<td>11359</td>
<td title="main thread">main</td>
<td title="Level">INFO</td>
<td title="*********Cucumber Project********* category">*********Cucumber Project*********</td>
<td>StepDefinition.java:50</td>
<td title="Message">Closing Browser</td>
</tr>
<!DOCTYPE HTML PUBLIC "-//W3C//DTD HTML 4.01 Transitional//EN" "http://www.w3.org/TR/html4/loose.dtd">
<html>
<head>
<title>Application log</title>
<style type="text/css">
<!--
body, table {font-family: arial,sans-serif; font-size: x-small;}
th {background: #336699; color: #FFFFFF; text-align: left;}
-->
</style>
</head>
<body bgcolor="#FFFFFF" topmargin="6" leftmargin="6">
<hr size="1" noshade>
Log session start time Fri May 28 23:22:20 IST 2021<br>
<br>
<table cellspacing="0" cellpadding="4" border="1" bordercolor="#224466" width="100%">
<tr>
<th>Time</th>
<th>Thread</th>
<th>Level</th>
<th>Category</th>
<th>File:Line</th>
<th>Message</th>
</tr>

<tr>
<td>0</td>
<td title="main thread">main</td>
<td title="Level">INFO</td>
<td title="*********Cucumber Project********* category">*********Cucumber Project*********</td>
<td>StepDefinition.java:33</td>
<td title="Message">Launching Browser is : &lt;browserName&gt;</td>
</tr>

<tr>
<td>5966</td>
<td title="main thread">main</td>
<td title="Level">INFO</td>
<td title="*********Cucumber Project********* category">*********Cucumber Project*********</td>
<td>StepDefinition.java:39</td>
<td title="Message">Launching URL is : https://www.amazon.in/</td>
</tr>

<tr>
<td>16936</td>
<td title="main thread">main</td>
<td title="Level">INFO</td>
<td title="*********Cucumber Project********* category">*********Cucumber Project*********</td>
<td>StepDefinition.java:50</td>
<td title="Message">Closing Browser</td>
</tr>
<!DOCTYPE HTML PUBLIC "-//W3C//DTD HTML 4.01 Transitional//EN" "http://www.w3.org/TR/html4/loose.dtd">
<html>
<head>
<title>Application log</title>
<style type="text/css">
<!--
body, table {font-family: arial,sans-serif; font-size: x-small;}
th {background: #336699; color: #FFFFFF; text-align: left;}
-->
</style>
</head>
<body bgcolor="#FFFFFF" topmargin="6" leftmargin="6">
<hr size="1" noshade>
Log session start time Fri May 28 23:24:28 IST 2021<br>
<br>
<table cellspacing="0" cellpadding="4" border="1" bordercolor="#224466" width="100%">
<tr>
<th>Time</th>
<th>Thread</th>
<th>Level</th>
<th>Category</th>
<th>File:Line</th>
<th>Message</th>
</tr>

<tr>
<td>0</td>
<td title="main thread">main</td>
<td title="Level">INFO</td>
<td title="*********Cucumber Project********* category">*********Cucumber Project*********</td>
<td>StepDefinition.java:33</td>
<td title="Message">Launching Browser is : &lt;browserName&gt;</td>
</tr>

<tr>
<td>5785</td>
<td title="main thread">main</td>
<td title="Level">INFO</td>
<td title="*********Cucumber Project********* category">*********Cucumber Project*********</td>
<td>StepDefinition.java:39</td>
<td title="Message">Launching URL is : https://www.amazon.in/</td>
</tr>

<tr>
<td>9334</td>
<td title="main thread">main</td>
<td title="Level">INFO</td>
<td title="*********Cucumber Project********* category">*********Cucumber Project*********</td>
<td>StepDefinition.java:50</td>
<td title="Message">Closing Browser</td>
</tr>
<!DOCTYPE HTML PUBLIC "-//W3C//DTD HTML 4.01 Transitional//EN" "http://www.w3.org/TR/html4/loose.dtd">
<html>
<head>
<title>Application log</title>
<style type="text/css">
<!--
body, table {font-family: arial,sans-serif; font-size: x-small;}
th {background: #336699; color: #FFFFFF; text-align: left;}
-->
</style>
</head>
<body bgcolor="#FFFFFF" topmargin="6" leftmargin="6">
<hr size="1" noshade>
Log session start time Mon May 31 07:06:10 IST 2021<br>
<br>
<table cellspacing="0" cellpadding="4" border="1" bordercolor="#224466" width="100%">
<tr>
<th>Time</th>
<th>Thread</th>
<th>Level</th>
<th>Category</th>
<th>File:Line</th>
<th>Message</th>
</tr>

<tr>
<td>0</td>
<td title="main thread">main</td>
<td title="Level">INFO</td>
<td title="*********Cucumber Project********* category">*********Cucumber Project*********</td>
<td>StepDefinition.java:33</td>
<td title="Message">Launching Browser is : &lt;browserName&gt;</td>
</tr>

<tr>
<td>14253</td>
<td title="main thread">main</td>
<td title="Level">INFO</td>
<td title="*********Cucumber Project********* category">*********Cucumber Project*********</td>
<td>StepDefinition.java:39</td>
<td title="Message">Launching URL is : https://www.amazon.in/</td>
</tr>

<tr>
<td>22427</td>
<td title="main thread">main</td>
<td title="Level">INFO</td>
<td title="*********Cucumber Project********* category">*********Cucumber Project*********</td>
<td>StepDefinition.java:50</td>
<td title="Message">Closing Browser</td>
</tr>
<!DOCTYPE HTML PUBLIC "-//W3C//DTD HTML 4.01 Transitional//EN" "http://www.w3.org/TR/html4/loose.dtd">
<html>
<head>
<title>Application log</title>
<style type="text/css">
<!--
body, table {font-family: arial,sans-serif; font-size: x-small;}
th {background: #336699; color: #FFFFFF; text-align: left;}
-->
</style>
</head>
<body bgcolor="#FFFFFF" topmargin="6" leftmargin="6">
<hr size="1" noshade>
Log session start time Mon May 31 07:21:27 IST 2021<br>
<br>
<table cellspacing="0" cellpadding="4" border="1" bordercolor="#224466" width="100%">
<tr>
<th>Time</th>
<th>Thread</th>
<th>Level</th>
<th>Category</th>
<th>File:Line</th>
<th>Message</th>
</tr>

<tr>
<td>8</td>
<td title="main thread">main</td>
<td title="Level">INFO</td>
<td title="*********Cucumber Project********* category">*********Cucumber Project*********</td>
<td>StepDefinition.java:33</td>
<td title="Message">Launching Browser is : &lt;browserName&gt;</td>
</tr>

<tr>
<td>6020</td>
<td title="main thread">main</td>
<td title="Level">INFO</td>
<td title="*********Cucumber Project********* category">*********Cucumber Project*********</td>
<td>StepDefinition.java:39</td>
<td title="Message">Launching URL is : https://www.amazon.in/</td>
</tr>

<tr>
<td>16706</td>
<td title="main thread">main</td>
<td title="Level">INFO</td>
<td title="*********Cucumber Project********* category">*********Cucumber Project*********</td>
<td>StepDefinition.java:50</td>
<td title="Message">Closing Browser</td>
</tr>
<!DOCTYPE HTML PUBLIC "-//W3C//DTD HTML 4.01 Transitional//EN" "http://www.w3.org/TR/html4/loose.dtd">
<html>
<head>
<title>Application log</title>
<style type="text/css">
<!--
body, table {font-family: arial,sans-serif; font-size: x-small;}
th {background: #336699; color: #FFFFFF; text-align: left;}
-->
</style>
</head>
<body bgcolor="#FFFFFF" topmargin="6" leftmargin="6">
<hr size="1" noshade>
Log session start time Mon May 31 07:26:52 IST 2021<br>
<br>
<table cellspacing="0" cellpadding="4" border="1" bordercolor="#224466" width="100%">
<tr>
<th>Time</th>
<th>Thread</th>
<th>Level</th>
<th>Category</th>
<th>File:Line</th>
<th>Message</th>
</tr>

<tr>
<td>0</td>
<td title="main thread">main</td>
<td title="Level">INFO</td>
<td title="*********Cucumber Project********* category">*********Cucumber Project*********</td>
<td>StepDefinition.java:33</td>
<td title="Message">Launching Browser is : &lt;browserName&gt;</td>
</tr>

<tr>
<td>5270</td>
<td title="main thread">main</td>
<td title="Level">INFO</td>
<td title="*********Cucumber Project********* category">*********Cucumber Project*********</td>
<td>StepDefinition.java:39</td>
<td title="Message">Launching URL is : https://www.amazon.in/</td>
</tr>

<tr>
<td>9457</td>
<td title="main thread">main</td>
<td title="Level">INFO</td>
<td title="*********Cucumber Project********* category">*********Cucumber Project*********</td>
<td>StepDefinition.java:50</td>
<td title="Message">Closing Browser</td>
</tr>
<!DOCTYPE HTML PUBLIC "-//W3C//DTD HTML 4.01 Transitional//EN" "http://www.w3.org/TR/html4/loose.dtd">
<html>
<head>
<title>Application log</title>
<style type="text/css">
<!--
body, table {font-family: arial,sans-serif; font-size: x-small;}
th {background: #336699; color: #FFFFFF; text-align: left;}
-->
</style>
</head>
<body bgcolor="#FFFFFF" topmargin="6" leftmargin="6">
<hr size="1" noshade>
Log session start time Mon May 31 07:29:46 IST 2021<br>
<br>
<table cellspacing="0" cellpadding="4" border="1" bordercolor="#224466" width="100%">
<tr>
<th>Time</th>
<th>Thread</th>
<th>Level</th>
<th>Category</th>
<th>File:Line</th>
<th>Message</th>
</tr>

<tr>
<td>0</td>
<td title="main thread">main</td>
<td title="Level">INFO</td>
<td title="*********Cucumber Project********* category">*********Cucumber Project*********</td>
<td>StepDefinition.java:33</td>
<td title="Message">Launching Browser is : &lt;browserName&gt;</td>
</tr>

<tr>
<td>4686</td>
<td title="main thread">main</td>
<td title="Level">INFO</td>
<td title="*********Cucumber Project********* category">*********Cucumber Project*********</td>
<td>StepDefinition.java:39</td>
<td title="Message">Launching URL is : https://www.amazon.in/</td>
</tr>

<tr>
<td>9516</td>
<td title="main thread">main</td>
<td title="Level">INFO</td>
<td title="*********Cucumber Project********* category">*********Cucumber Project*********</td>
<td>StepDefinition.java:50</td>
<td title="Message">Closing Browser</td>
</tr>
<!DOCTYPE HTML PUBLIC "-//W3C//DTD HTML 4.01 Transitional//EN" "http://www.w3.org/TR/html4/loose.dtd">
<html>
<head>
<title>Application log</title>
<style type="text/css">
<!--
body, table {font-family: arial,sans-serif; font-size: x-small;}
th {background: #336699; color: #FFFFFF; text-align: left;}
-->
</style>
</head>
<body bgcolor="#FFFFFF" topmargin="6" leftmargin="6">
<hr size="1" noshade>
Log session start time Mon May 31 07:33:39 IST 2021<br>
<br>
<table cellspacing="0" cellpadding="4" border="1" bordercolor="#224466" width="100%">
<tr>
<th>Time</th>
<th>Thread</th>
<th>Level</th>
<th>Category</th>
<th>File:Line</th>
<th>Message</th>
</tr>

<tr>
<td>0</td>
<td title="main thread">main</td>
<td title="Level">INFO</td>
<td title="*********Cucumber Project********* category">*********Cucumber Project*********</td>
<td>StepDefinition.java:33</td>
<td title="Message">Launching Browser is : &lt;browserName&gt;</td>
</tr>

<tr>
<td>5222</td>
<td title="main thread">main</td>
<td title="Level">INFO</td>
<td title="*********Cucumber Project********* category">*********Cucumber Project*********</td>
<td>StepDefinition.java:39</td>
<td title="Message">Launching URL is : https://www.amazon.in/</td>
</tr>

<tr>
<td>9999</td>
<td title="main thread">main</td>
<td title="Level">INFO</td>
<td title="*********Cucumber Project********* category">*********Cucumber Project*********</td>
<td>StepDefinition.java:50</td>
<td title="Message">Closing Browser</td>
</tr>
<!DOCTYPE HTML PUBLIC "-//W3C//DTD HTML 4.01 Transitional//EN" "http://www.w3.org/TR/html4/loose.dtd">
<html>
<head>
<title>Application log</title>
<style type="text/css">
<!--
body, table {font-family: arial,sans-serif; font-size: x-small;}
th {background: #336699; color: #FFFFFF; text-align: left;}
-->
</style>
</head>
<body bgcolor="#FFFFFF" topmargin="6" leftmargin="6">
<hr size="1" noshade>
Log session start time Mon May 31 10:30:49 IST 2021<br>
<br>
<table cellspacing="0" cellpadding="4" border="1" bordercolor="#224466" width="100%">
<tr>
<th>Time</th>
<th>Thread</th>
<th>Level</th>
<th>Category</th>
<th>File:Line</th>
<th>Message</th>
</tr>

<tr>
<td>0</td>
<td title="main thread">main</td>
<td title="Level">INFO</td>
<td title="*********Cucumber Project********* category">*********Cucumber Project*********</td>
<td>StepDefinition.java:33</td>
<td title="Message">Launching Browser is : &lt;browserName&gt;</td>
</tr>

<tr>
<td>7344</td>
<td title="main thread">main</td>
<td title="Level">INFO</td>
<td title="*********Cucumber Project********* category">*********Cucumber Project*********</td>
<td>StepDefinition.java:39</td>
<td title="Message">Launching URL is : https://www.amazon.in/</td>
</tr>

<tr>
<td>19193</td>
<td title="main thread">main</td>
<td title="Level">INFO</td>
<td title="*********Cucumber Project********* category">*********Cucumber Project*********</td>
<td>StepDefinition.java:50</td>
<td title="Message">Closing Browser</td>
</tr>
<!DOCTYPE HTML PUBLIC "-//W3C//DTD HTML 4.01 Transitional//EN" "http://www.w3.org/TR/html4/loose.dtd">
<html>
<head>
<title>Application log</title>
<style type="text/css">
<!--
body, table {font-family: arial,sans-serif; font-size: x-small;}
th {background: #336699; color: #FFFFFF; text-align: left;}
-->
</style>
</head>
<body bgcolor="#FFFFFF" topmargin="6" leftmargin="6">
<hr size="1" noshade>
Log session start time Mon May 31 16:12:07 IST 2021<br>
<br>
<table cellspacing="0" cellpadding="4" border="1" bordercolor="#224466" width="100%">
<tr>
<th>Time</th>
<th>Thread</th>
<th>Level</th>
<th>Category</th>
<th>File:Line</th>
<th>Message</th>
</tr>

<tr>
<td>0</td>
<td title="main thread">main</td>
<td title="Level">INFO</td>
<td title="*********Cucumber Project********* category">*********Cucumber Project*********</td>
<td>StepDefinition.java:33</td>
<td title="Message">Launching Browser is : &lt;browserName&gt;</td>
</tr>

<tr>
<td>16460</td>
<td title="main thread">main</td>
<td title="Level">INFO</td>
<td title="*********Cucumber Project********* category">*********Cucumber Project*********</td>
<td>StepDefinition.java:39</td>
<td title="Message">Launching URL is : https://www.amazon.in/</td>
</tr>

<tr>
<td>33100</td>
<td title="main thread">main</td>
<td title="Level">INFO</td>
<td title="*********Cucumber Project********* category">*********Cucumber Project*********</td>
<td>StepDefinition.java:50</td>
<td title="Message">Closing Browser</td>
</tr>
<!DOCTYPE HTML PUBLIC "-//W3C//DTD HTML 4.01 Transitional//EN" "http://www.w3.org/TR/html4/loose.dtd">
<html>
<head>
<title>Application log</title>
<style type="text/css">
<!--
body, table {font-family: arial,sans-serif; font-size: x-small;}
th {background: #336699; color: #FFFFFF; text-align: left;}
-->
</style>
</head>
<body bgcolor="#FFFFFF" topmargin="6" leftmargin="6">
<hr size="1" noshade>
Log session start time Mon May 31 16:22:41 IST 2021<br>
<br>
<table cellspacing="0" cellpadding="4" border="1" bordercolor="#224466" width="100%">
<tr>
<th>Time</th>
<th>Thread</th>
<th>Level</th>
<th>Category</th>
<th>File:Line</th>
<th>Message</th>
</tr>

<tr>
<td>0</td>
<td title="main thread">main</td>
<td title="Level">INFO</td>
<td title="*********Cucumber Project********* category">*********Cucumber Project*********</td>
<td>StepDefinition.java:33</td>
<td title="Message">Launching Browser is : &lt;browserName&gt;</td>
</tr>

<tr>
<td>12368</td>
<td title="main thread">main</td>
<td title="Level">INFO</td>
<td title="*********Cucumber Project********* category">*********Cucumber Project*********</td>
<td>StepDefinition.java:39</td>
<td title="Message">Launching URL is : https://www.amazon.in/</td>
</tr>

<tr>
<td>20802</td>
<td title="main thread">main</td>
<td title="Level">INFO</td>
<td title="*********Cucumber Project********* category">*********Cucumber Project*********</td>
<td>StepDefinition.java:50</td>
<td title="Message">Closing Browser</td>
</tr>
</table>
<br>
</body></html><!DOCTYPE HTML PUBLIC "-//W3C//DTD HTML 4.01 Transitional//EN" "http://www.w3.org/TR/html4/loose.dtd">
<html>
<head>
<title>Application log</title>
<style type="text/css">
<!--
body, table {font-family: arial,sans-serif; font-size: x-small;}
th {background: #336699; color: #FFFFFF; text-align: left;}
-->
</style>
</head>
<body bgcolor="#FFFFFF" topmargin="6" leftmargin="6">
<hr size="1" noshade>
Log session start time Mon May 31 16:23:03 IST 2021<br>
<br>
<table cellspacing="0" cellpadding="4" border="1" bordercolor="#224466" width="100%">
<tr>
<th>Time</th>
<th>Thread</th>
<th>Level</th>
<th>Category</th>
<th>File:Line</th>
<th>Message</th>
</tr>

<tr>
<td>21989</td>
<td title="main thread">main</td>
<td title="Level">INFO</td>
<td title="*********Cucumber Project********* category">*********Cucumber Project*********</td>
<td>StepDefinition.java:33</td>
<td title="Message">Launching Browser is : &lt;browserName&gt;</td>
</tr>

<tr>
<td>25266</td>
<td title="main thread">main</td>
<td title="Level">INFO</td>
<td title="*********Cucumber Project********* category">*********Cucumber Project*********</td>
<td>StepDefinition.java:39</td>
<td title="Message">Launching URL is : http://automationpractice.com/index.php</td>
</tr>

<tr>
<td>33832</td>
<td title="main thread">main</td>
<td title="Level">INFO</td>
<td title="*********Cucumber Project********* category">*********Cucumber Project*********</td>
<td>StepDefinition.java:50</td>
<td title="Message">Closing Browser</td>
</tr>
</table>
<br>
</body></html><!DOCTYPE HTML PUBLIC "-//W3C//DTD HTML 4.01 Transitional//EN" "http://www.w3.org/TR/html4/loose.dtd">
<html>
<head>
<title>Application log</title>
<style type="text/css">
<!--
body, table {font-family: arial,sans-serif; font-size: x-small;}
th {background: #336699; color: #FFFFFF; text-align: left;}
-->
</style>
</head>
<body bgcolor="#FFFFFF" topmargin="6" leftmargin="6">
<hr size="1" noshade>
Log session start time Mon May 31 16:23:15 IST 2021<br>
<br>
<table cellspacing="0" cellpadding="4" border="1" bordercolor="#224466" width="100%">
<tr>
<th>Time</th>
<th>Thread</th>
<th>Level</th>
<th>Category</th>
<th>File:Line</th>
<th>Message</th>
</tr>

<tr>
<td>34731</td>
<td title="main thread">main</td>
<td title="Level">INFO</td>
<td title="*********Cucumber Project********* category">*********Cucumber Project*********</td>
<td>StepDefinition.java:33</td>
<td title="Message">Launching Browser is : &lt;browserName&gt;</td>
</tr>

<tr>
<td>38294</td>
<td title="main thread">main</td>
<td title="Level">INFO</td>
<td title="*********Cucumber Project********* category">*********Cucumber Project*********</td>
<td>StepDefinition.java:39</td>
<td title="Message">Launching URL is : https://www.amazon.in/</td>
</tr>

<tr>
<td>48339</td>
<td title="main thread">main</td>
<td title="Level">INFO</td>
<td title="*********Cucumber Project********* category">*********Cucumber Project*********</td>
<td>StepDefinition.java:50</td>
<td title="Message">Closing Browser</td>
</tr>
</table>
<br>
</body></html><!DOCTYPE HTML PUBLIC "-//W3C//DTD HTML 4.01 Transitional//EN" "http://www.w3.org/TR/html4/loose.dtd">
<html>
<head>
<title>Application log</title>
<style type="text/css">
<!--
body, table {font-family: arial,sans-serif; font-size: x-small;}
th {background: #336699; color: #FFFFFF; text-align: left;}
-->
</style>
</head>
<body bgcolor="#FFFFFF" topmargin="6" leftmargin="6">
<hr size="1" noshade>
Log session start time Mon May 31 16:23:30 IST 2021<br>
<br>
<table cellspacing="0" cellpadding="4" border="1" bordercolor="#224466" width="100%">
<tr>
<th>Time</th>
<th>Thread</th>
<th>Level</th>
<th>Category</th>
<th>File:Line</th>
<th>Message</th>
</tr>

<tr>
<td>49776</td>
<td title="main thread">main</td>
<td title="Level">INFO</td>
<td title="*********Cucumber Project********* category">*********Cucumber Project*********</td>
<td>StepDefinition.java:33</td>
<td title="Message">Launching Browser is : &lt;browserName&gt;</td>
</tr>

<tr>
<td>52732</td>
<td title="main thread">main</td>
<td title="Level">INFO</td>
<td title="*********Cucumber Project********* category">*********Cucumber Project*********</td>
<td>StepDefinition.java:33</td>
<td title="Message">Launching Browser is : chrome</td>
</tr>

<tr>
<td>56092</td>
<td title="main thread">main</td>
<td title="Level">INFO</td>
<td title="*********Cucumber Project********* category">*********Cucumber Project*********</td>
<td>StepDefinition.java:39</td>
<td title="Message">Launching URL is : https://www.amazon.in/</td>
</tr>

<tr>
<td>60452</td>
<td title="main thread">main</td>
<td title="Level">INFO</td>
<td title="*********Cucumber Project********* category">*********Cucumber Project*********</td>
<td>StepDefinition.java:50</td>
<td title="Message">Closing Browser</td>
</tr>
</table>
<br>
</body></html><!DOCTYPE HTML PUBLIC "-//W3C//DTD HTML 4.01 Transitional//EN" "http://www.w3.org/TR/html4/loose.dtd">
<html>
<head>
<title>Application log</title>
<style type="text/css">
<!--
body, table {font-family: arial,sans-serif; font-size: x-small;}
th {background: #336699; color: #FFFFFF; text-align: left;}
-->
</style>
</head>
<body bgcolor="#FFFFFF" topmargin="6" leftmargin="6">
<hr size="1" noshade>
Log session start time Mon May 31 16:23:42 IST 2021<br>
<br>
<table cellspacing="0" cellpadding="4" border="1" bordercolor="#224466" width="100%">
<tr>
<th>Time</th>
<th>Thread</th>
<th>Level</th>
<th>Category</th>
<th>File:Line</th>
<th>Message</th>
</tr>

<tr>
<td>61625</td>
<td title="main thread">main</td>
<td title="Level">INFO</td>
<td title="*********Cucumber Project********* category">*********Cucumber Project*********</td>
<td>StepDefinition.java:33</td>
<td title="Message">Launching Browser is : &lt;browserName&gt;</td>
</tr>

<tr>
<td>66455</td>
<td title="main thread">main</td>
<td title="Level">INFO</td>
<td title="*********Cucumber Project********* category">*********Cucumber Project*********</td>
<td>StepDefinition.java:33</td>
<td title="Message">Launching Browser is : firefox</td>
</tr>

<tr>
<td>73905</td>
<td title="main thread">main</td>
<td title="Level">INFO</td>
<td title="*********Cucumber Project********* category">*********Cucumber Project*********</td>
<td>StepDefinition.java:39</td>
<td title="Message">Launching URL is : http://automationpractice.com/index.php</td>
</tr>

<tr>
<td>85419</td>
<td title="main thread">main</td>
<td title="Level">INFO</td>
<td title="*********Cucumber Project********* category">*********Cucumber Project*********</td>
<td>StepDefinition.java:50</td>
<td title="Message">Closing Browser</td>
</tr>
<!DOCTYPE HTML PUBLIC "-//W3C//DTD HTML 4.01 Transitional//EN" "http://www.w3.org/TR/html4/loose.dtd">
<html>
<head>
<title>Application log</title>
<style type="text/css">
<!--
body, table {font-family: arial,sans-serif; font-size: x-small;}
th {background: #336699; color: #FFFFFF; text-align: left;}
-->
</style>
</head>
<body bgcolor="#FFFFFF" topmargin="6" leftmargin="6">
<hr size="1" noshade>
Log session start time Mon May 31 19:21:08 IST 2021<br>
<br>
<table cellspacing="0" cellpadding="4" border="1" bordercolor="#224466" width="100%">
<tr>
<th>Time</th>
<th>Thread</th>
<th>Level</th>
<th>Category</th>
<th>File:Line</th>
<th>Message</th>
</tr>

<tr>
<td>0</td>
<td title="main thread">main</td>
<td title="Level">INFO</td>
<td title="*********Cucumber Project********* category">*********Cucumber Project*********</td>
<td>StepDefinition.java:34</td>
<td title="Message">Launching Browser is : &lt;browserName&gt;</td>
</tr>

<tr>
<td>4681</td>
<td title="main thread">main</td>
<td title="Level">INFO</td>
<td title="*********Cucumber Project********* category">*********Cucumber Project*********</td>
<td>StepDefinition.java:40</td>
<td title="Message">Launching URL is : https://www.amazon.in/</td>
</tr>

<tr>
<td>11148</td>
<td title="main thread">main</td>
<td title="Level">INFO</td>
<td title="*********Cucumber Project********* category">*********Cucumber Project*********</td>
<td>StepDefinition.java:51</td>
<td title="Message">Closing Browser</td>
</tr>
</table>
<br>
</body></html><!DOCTYPE HTML PUBLIC "-//W3C//DTD HTML 4.01 Transitional//EN" "http://www.w3.org/TR/html4/loose.dtd">
<html>
<head>
<title>Application log</title>
<style type="text/css">
<!--
body, table {font-family: arial,sans-serif; font-size: x-small;}
th {background: #336699; color: #FFFFFF; text-align: left;}
-->
</style>
</head>
<body bgcolor="#FFFFFF" topmargin="6" leftmargin="6">
<hr size="1" noshade>
Log session start time Mon May 31 19:21:21 IST 2021<br>
<br>
<table cellspacing="0" cellpadding="4" border="1" bordercolor="#224466" width="100%">
<tr>
<th>Time</th>
<th>Thread</th>
<th>Level</th>
<th>Category</th>
<th>File:Line</th>
<th>Message</th>
</tr>

<tr>
<td>12635</td>
<td title="main thread">main</td>
<td title="Level">INFO</td>
<td title="*********Cucumber Project********* category">*********Cucumber Project*********</td>
<td>StepDefinition.java:34</td>
<td title="Message">Launching Browser is : &lt;browserName&gt;</td>
</tr>

<tr>
<td>15698</td>
<td title="main thread">main</td>
<td title="Level">INFO</td>
<td title="*********Cucumber Project********* category">*********Cucumber Project*********</td>
<td>StepDefinition.java:40</td>
<td title="Message">Launching URL is : http://automationpractice.com/index.php</td>
</tr>

<tr>
<td>37909</td>
<td title="main thread">main</td>
<td title="Level">INFO</td>
<td title="*********Cucumber Project********* category">*********Cucumber Project*********</td>
<td>StepDefinition.java:51</td>
<td title="Message">Closing Browser</td>
</tr>
</table>
<br>
</body></html><!DOCTYPE HTML PUBLIC "-//W3C//DTD HTML 4.01 Transitional//EN" "http://www.w3.org/TR/html4/loose.dtd">
<html>
<head>
<title>Application log</title>
<style type="text/css">
<!--
body, table {font-family: arial,sans-serif; font-size: x-small;}
th {background: #336699; color: #FFFFFF; text-align: left;}
-->
</style>
</head>
<body bgcolor="#FFFFFF" topmargin="6" leftmargin="6">
<hr size="1" noshade>
Log session start time Mon May 31 19:21:47 IST 2021<br>
<br>
<table cellspacing="0" cellpadding="4" border="1" bordercolor="#224466" width="100%">
<tr>
<th>Time</th>
<th>Thread</th>
<th>Level</th>
<th>Category</th>
<th>File:Line</th>
<th>Message</th>
</tr>

<tr>
<td>38661</td>
<td title="main thread">main</td>
<td title="Level">INFO</td>
<td title="*********Cucumber Project********* category">*********Cucumber Project*********</td>
<td>StepDefinition.java:34</td>
<td title="Message">Launching Browser is : &lt;browserName&gt;</td>
</tr>

<tr>
<td>41585</td>
<td title="main thread">main</td>
<td title="Level">INFO</td>
<td title="*********Cucumber Project********* category">*********Cucumber Project*********</td>
<td>StepDefinition.java:40</td>
<td title="Message">Launching URL is : https://www.amazon.in/</td>
</tr>

<tr>
<td>47352</td>
<td title="main thread">main</td>
<td title="Level">INFO</td>
<td title="*********Cucumber Project********* category">*********Cucumber Project*********</td>
<td>StepDefinition.java:51</td>
<td title="Message">Closing Browser</td>
</tr>
</table>
<br>
</body></html><!DOCTYPE HTML PUBLIC "-//W3C//DTD HTML 4.01 Transitional//EN" "http://www.w3.org/TR/html4/loose.dtd">
<html>
<head>
<title>Application log</title>
<style type="text/css">
<!--
body, table {font-family: arial,sans-serif; font-size: x-small;}
th {background: #336699; color: #FFFFFF; text-align: left;}
-->
</style>
</head>
<body bgcolor="#FFFFFF" topmargin="6" leftmargin="6">
<hr size="1" noshade>
Log session start time Mon May 31 19:21:58 IST 2021<br>
<br>
<table cellspacing="0" cellpadding="4" border="1" bordercolor="#224466" width="100%">
<tr>
<th>Time</th>
<th>Thread</th>
<th>Level</th>
<th>Category</th>
<th>File:Line</th>
<th>Message</th>
</tr>

<tr>
<td>49156</td>
<td title="main thread">main</td>
<td title="Level">INFO</td>
<td title="*********Cucumber Project********* category">*********Cucumber Project*********</td>
<td>StepDefinition.java:34</td>
<td title="Message">Launching Browser is : &lt;browserName&gt;</td>
</tr>

<tr>
<td>53394</td>
<td title="main thread">main</td>
<td title="Level">INFO</td>
<td title="*********Cucumber Project********* category">*********Cucumber Project*********</td>
<td>StepDefinition.java:34</td>
<td title="Message">Launching Browser is : chrome</td>
</tr>

<tr>
<td>57436</td>
<td title="main thread">main</td>
<td title="Level">INFO</td>
<td title="*********Cucumber Project********* category">*********Cucumber Project*********</td>
<td>StepDefinition.java:40</td>
<td title="Message">Launching URL is : https://www.amazon.in/</td>
</tr>

<tr>
<td>62321</td>
<td title="main thread">main</td>
<td title="Level">INFO</td>
<td title="*********Cucumber Project********* category">*********Cucumber Project*********</td>
<td>StepDefinition.java:51</td>
<td title="Message">Closing Browser</td>
</tr>
</table>
<br>
</body></html><!DOCTYPE HTML PUBLIC "-//W3C//DTD HTML 4.01 Transitional//EN" "http://www.w3.org/TR/html4/loose.dtd">
<html>
<head>
<title>Application log</title>
<style type="text/css">
<!--
body, table {font-family: arial,sans-serif; font-size: x-small;}
th {background: #336699; color: #FFFFFF; text-align: left;}
-->
</style>
</head>
<body bgcolor="#FFFFFF" topmargin="6" leftmargin="6">
<hr size="1" noshade>
Log session start time Mon May 31 19:22:11 IST 2021<br>
<br>
<table cellspacing="0" cellpadding="4" border="1" bordercolor="#224466" width="100%">
<tr>
<th>Time</th>
<th>Thread</th>
<th>Level</th>
<th>Category</th>
<th>File:Line</th>
<th>Message</th>
</tr>

<tr>
<td>63064</td>
<td title="main thread">main</td>
<td title="Level">INFO</td>
<td title="*********Cucumber Project********* category">*********Cucumber Project*********</td>
<td>StepDefinition.java:34</td>
<td title="Message">Launching Browser is : &lt;browserName&gt;</td>
</tr>

<tr>
<td>69392</td>
<td title="main thread">main</td>
<td title="Level">INFO</td>
<td title="*********Cucumber Project********* category">*********Cucumber Project*********</td>
<td>StepDefinition.java:34</td>
<td title="Message">Launching Browser is : firefox</td>
</tr>

<tr>
<td>73517</td>
<td title="main thread">main</td>
<td title="Level">INFO</td>
<td title="*********Cucumber Project********* category">*********Cucumber Project*********</td>
<td>StepDefinition.java:40</td>
<td title="Message">Launching URL is : http://automationpractice.com/index.php</td>
</tr>

<tr>
<td>100782</td>
<td title="main thread">main</td>
<td title="Level">INFO</td>
<td title="*********Cucumber Project********* category">*********Cucumber Project*********</td>
<td>StepDefinition.java:51</td>
<td title="Message">Closing Browser</td>
</tr>
